[2016-10-12 12:17:11] PDOReport_Logger.WARNING: findDailyReportsByCustomerId executed for customer with id = 2 [] []
[2016-10-12 12:17:13] PDOReport_Logger.WARNING: findDailyReportsByCustomerId executed for customer with id = 2 [] []
[2016-10-12 12:17:15] PDOReport_Logger.WARNING: findDailyReportsByCustomerId executed for customer with id = 2 [] []
[2016-10-12 12:19:40] PDOReport_Logger.WARNING: findDailyReportsByCustomerId executed for customer with id = 78987789 [] []
[2016-10-12 12:19:40] PDOReport_Logger.ERROR: Customer with id = 78987789 does not exist. [] []
[2016-10-16 14:46:14] PDOReport_Logger.WARNING: findDailyReportsByCustomerId executed for customer with id = 2 [] []
[2016-10-16 15:00:01] PDOReport_Logger.WARNING: findDailyReportsByCustomerId executed for customer with id = 3 [] []
[2016-10-16 15:00:01] PDOReport_Logger.ERROR: Customer with id = 3 does not exist. [] []
[2016-10-16 15:00:36] PDOReport_Logger.WARNING: addDailyReport executed for customer with id = 3 [] []
[2016-10-16 15:00:36] PDOReport_Logger.WARNING: Daily report created. [] []
[2016-10-16 15:00:41] PDOReport_Logger.WARNING: findDailyReportsByCustomerId executed for customer with id = 3 [] []
[2016-10-16 15:25:55] PDOReport_Logger.WARNING: findDailyReportsById executed with id = 2 [] []
[2016-10-16 15:32:09] PDOReport_Logger.WARNING: findDailyReportsByCustomerId executed for customer with id = 3 [] []
[2016-10-16 15:32:18] PDOReport_Logger.WARNING: addDailyReport executed for customer with id = 3 [] []
[2016-10-16 15:32:18] PDOReport_Logger.ERROR: SQLSTATE[23000]: Integrity constraint violation: 1048 Column 'habit1_done' cannot be null [] []
[2016-10-16 15:32:21] PDOReport_Logger.WARNING: findDailyReportsByCustomerId executed for customer with id = 3 [] []
[2016-10-16 15:39:37] PDOReport_Logger.WARNING: addDailyReport executed for customer with id = 3 [] []
[2016-10-16 15:39:37] PDOReport_Logger.WARNING: Daily report created. [] []
[2016-10-16 15:39:41] PDOReport_Logger.WARNING: findDailyReportsByCustomerId executed for customer with id = 3 [] []
[2016-10-16 15:39:55] PDOReport_Logger.WARNING: addDailyReport executed for customer with id = 3 [] []
[2016-10-16 15:39:55] PDOReport_Logger.ERROR: SQLSTATE[23000]: Integrity constraint violation: 1048 Column 'extra_information' cannot be null [] []
[2016-10-16 15:39:56] PDOReport_Logger.WARNING: findDailyReportsByCustomerId executed for customer with id = 3 [] []
[2016-10-16 15:39:57] PDOReport_Logger.WARNING: findDailyReportsByCustomerId executed for customer with id = 3 [] []
[2016-10-16 15:39:58] PDOReport_Logger.WARNING: findDailyReportsByCustomerId executed for customer with id = 3 [] []
[2016-10-16 15:40:26] PDOReport_Logger.WARNING: addDailyReport executed for customer with id = 3 [] []
[2016-10-16 15:40:26] PDOReport_Logger.ERROR: SQLSTATE[23000]: Integrity constraint violation: 1048 Column 'extra_information' cannot be null [] []
[2016-10-16 15:40:29] PDOReport_Logger.WARNING: findDailyReportsByCustomerId executed for customer with id = 3 [] []
[2016-10-16 15:40:30] PDOReport_Logger.WARNING: findDailyReportsByCustomerId executed for customer with id = 3 [] []
[2016-10-16 15:40:30] PDOReport_Logger.WARNING: findDailyReportsByCustomerId executed for customer with id = 3 [] []
[2016-10-16 15:40:30] PDOReport_Logger.WARNING: findDailyReportsByCustomerId executed for customer with id = 3 [] []
[2016-10-16 15:40:31] PDOReport_Logger.WARNING: findDailyReportsByCustomerId executed for customer with id = 3 [] []
[2016-10-16 15:40:31] PDOReport_Logger.WARNING: findDailyReportsByCustomerId executed for customer with id = 3 [] []
[2016-10-16 15:40:31] PDOReport_Logger.WARNING: findDailyReportsByCustomerId executed for customer with id = 3 [] []
[2016-10-16 15:40:32] PDOReport_Logger.WARNING: findDailyReportsByCustomerId executed for customer with id = 3 [] []
[2016-10-16 15:40:32] PDOReport_Logger.WARNING: findDailyReportsByCustomerId executed for customer with id = 3 [] []
[2016-10-16 15:40:32] PDOReport_Logger.WARNING: findDailyReportsByCustomerId executed for customer with id = 3 [] []
[2016-10-16 15:40:35] PDOReport_Logger.WARNING: findDailyReportsByCustomerId executed for customer with id = 3 [] []
[2016-10-16 15:42:06] PDOReport_Logger.WARNING: addDailyReport executed for customer with id = 3 [] []
[2016-10-16 15:42:06] PDOReport_Logger.ERROR: SQLSTATE[23000]: Integrity constraint violation: 1048 Column 'extra_information' cannot be null [] []
[2016-10-16 15:42:08] PDOReport_Logger.WARNING: findDailyReportsByCustomerId executed for customer with id = 3 [] []
[2016-10-16 15:42:08] PDOReport_Logger.WARNING: findDailyReportsByCustomerId executed for customer with id = 3 [] []
[2016-10-16 15:42:08] PDOReport_Logger.WARNING: findDailyReportsByCustomerId executed for customer with id = 3 [] []
[2016-10-16 15:42:09] PDOReport_Logger.WARNING: findDailyReportsByCustomerId executed for customer with id = 3 [] []
[2016-10-16 15:42:09] PDOReport_Logger.WARNING: findDailyReportsByCustomerId executed for customer with id = 3 [] []
[2016-10-16 15:42:09] PDOReport_Logger.WARNING: findDailyReportsByCustomerId executed for customer with id = 3 [] []
[2016-10-16 15:42:09] PDOReport_Logger.WARNING: findDailyReportsByCustomerId executed for customer with id = 3 [] []
[2016-10-16 15:42:09] PDOReport_Logger.WARNING: findDailyReportsByCustomerId executed for customer with id = 3 [] []
[2016-10-16 15:42:09] PDOReport_Logger.WARNING: findDailyReportsByCustomerId executed for customer with id = 3 [] []
[2016-10-16 15:42:09] PDOReport_Logger.WARNING: findDailyReportsByCustomerId executed for customer with id = 3 [] []
[2016-10-16 15:42:10] PDOReport_Logger.WARNING: findDailyReportsByCustomerId executed for customer with id = 3 [] []
[2016-10-16 15:42:10] PDOReport_Logger.WARNING: findDailyReportsByCustomerId executed for customer with id = 3 [] []
[2016-10-16 15:42:10] PDOReport_Logger.WARNING: findDailyReportsByCustomerId executed for customer with id = 3 [] []
[2016-10-16 15:42:10] PDOReport_Logger.WARNING: findDailyReportsByCustomerId executed for customer with id = 3 [] []
[2016-10-16 15:42:10] PDOReport_Logger.WARNING: findDailyReportsByCustomerId executed for customer with id = 3 [] []
[2016-10-16 15:42:10] PDOReport_Logger.WARNING: findDailyReportsByCustomerId executed for customer with id = 3 [] []
[2016-10-16 15:42:10] PDOReport_Logger.WARNING: findDailyReportsByCustomerId executed for customer with id = 3 [] []
[2016-10-16 15:42:11] PDOReport_Logger.WARNING: findDailyReportsByCustomerId executed for customer with id = 3 [] []
[2016-10-16 15:42:11] PDOReport_Logger.WARNING: findDailyReportsByCustomerId executed for customer with id = 3 [] []
[2016-10-16 15:42:11] PDOReport_Logger.WARNING: findDailyReportsByCustomerId executed for customer with id = 3 [] []
[2016-10-16 15:42:48] PDOReport_Logger.WARNING: addDailyReport executed for customer with id = 3 [] []
[2016-10-16 15:42:48] PDOReport_Logger.ERROR: SQLSTATE[23000]: Integrity constraint violation: 1048 Column 'extra_information' cannot be null [] []
[2016-10-16 15:42:49] PDOReport_Logger.WARNING: findDailyReportsByCustomerId executed for customer with id = 3 [] []
[2016-10-16 15:42:50] PDOReport_Logger.WARNING: findDailyReportsByCustomerId executed for customer with id = 3 [] []
[2016-10-16 15:42:50] PDOReport_Logger.WARNING: findDailyReportsByCustomerId executed for customer with id = 3 [] []
[2016-10-16 15:42:50] PDOReport_Logger.WARNING: findDailyReportsByCustomerId executed for customer with id = 3 [] []
[2016-10-16 15:42:59] PDOReport_Logger.WARNING: addDailyReport executed for customer with id = 3 [] []
[2016-10-16 15:43:00] PDOReport_Logger.WARNING: Daily report created. [] []
[2016-10-16 15:43:00] PDOReport_Logger.WARNING: findDailyReportsByCustomerId executed for customer with id = 3 [] []
[2016-10-16 15:43:42] PDOReport_Logger.WARNING: findDailyReportsByCustomerId executed for customer with id = 3 [] []
[2016-10-16 15:43:47] PDOReport_Logger.WARNING: addDailyReport executed for customer with id = 3 [] []
[2016-10-16 15:43:47] PDOReport_Logger.ERROR: SQLSTATE[23000]: Integrity constraint violation: 1048 Column 'extra_information' cannot be null [] []
[2016-10-16 15:43:49] PDOReport_Logger.WARNING: findDailyReportsByCustomerId executed for customer with id = 3 [] []
[2016-10-16 15:43:49] PDOReport_Logger.WARNING: findDailyReportsByCustomerId executed for customer with id = 3 [] []
[2016-10-16 15:43:50] PDOReport_Logger.WARNING: findDailyReportsByCustomerId executed for customer with id = 3 [] []
[2016-10-16 15:43:50] PDOReport_Logger.WARNING: findDailyReportsByCustomerId executed for customer with id = 3 [] []
[2016-10-16 15:43:51] PDOReport_Logger.WARNING: findDailyReportsByCustomerId executed for customer with id = 3 [] []
[2016-10-16 15:43:53] PDOReport_Logger.WARNING: findDailyReportsByCustomerId executed for customer with id = 3 [] []
[2016-10-16 15:44:31] PDOReport_Logger.WARNING: addDailyReport executed for customer with id = 3 [] []
[2016-10-16 15:44:31] PDOReport_Logger.WARNING: Daily report created. [] []
[2016-10-16 15:44:32] PDOReport_Logger.WARNING: findDailyReportsByCustomerId executed for customer with id = 3 [] []
[2016-10-16 15:46:26] PDOReport_Logger.WARNING: addDailyReport executed for customer with id = 3 [] []
[2016-10-16 15:46:26] PDOReport_Logger.WARNING: Daily report created. [] []
[2016-10-16 15:46:27] PDOReport_Logger.WARNING: findDailyReportsByCustomerId executed for customer with id = 3 [] []
[2016-10-16 15:46:39] PDOReport_Logger.WARNING: addDailyReport executed for customer with id = 3 [] []
[2016-10-16 15:46:39] PDOReport_Logger.WARNING: Daily report created. [] []
[2016-10-16 15:46:42] PDOReport_Logger.WARNING: findDailyReportsByCustomerId executed for customer with id = 3 [] []
[2016-10-16 15:46:50] PDOReport_Logger.WARNING: addDailyReport executed for customer with id = 3 [] []
[2016-10-16 15:46:51] PDOReport_Logger.WARNING: Daily report created. [] []
[2016-10-16 15:46:51] PDOReport_Logger.WARNING: findDailyReportsByCustomerId executed for customer with id = 3 [] []
[2016-10-16 15:47:00] PDOReport_Logger.WARNING: addDailyReport executed for customer with id = 3 [] []
[2016-10-16 15:47:00] PDOReport_Logger.WARNING: Daily report created. [] []
[2016-10-16 15:47:02] PDOReport_Logger.WARNING: findDailyReportsByCustomerId executed for customer with id = 3 [] []
[2016-10-16 16:08:30] PDOReport_Logger.WARNING: changeDailyReport executed for daily report with id = 8 [] []
[2016-10-16 16:08:30] PDOReport_Logger.WARNING: findDailyReportsById executed with id = 8 [] []
[2016-10-16 16:09:22] PDOReport_Logger.WARNING: changeDailyReport executed for daily report with id = 8 [] []
[2016-10-16 16:09:22] PDOReport_Logger.WARNING: findDailyReportsById executed with id = 8 [] []
[2016-10-16 16:09:22] PDOReport_Logger.WARNING: Daily report with id 8 [] []
[2016-10-16 16:12:12] PDOReport_Logger.WARNING: changeDailyReport executed for daily report with id = 8 [] []
[2016-10-16 16:12:12] PDOReport_Logger.WARNING: findDailyReportsById executed with id = 8 [] []
[2016-10-16 16:12:12] PDOReport_Logger.WARNING: Daily report with id 8 [] []
[2016-10-16 16:12:21] PDOReport_Logger.WARNING: findDailyReportsByCustomerId executed for customer with id = 3 [] []
[2016-10-16 16:12:38] PDOReport_Logger.WARNING: changeDailyReport executed for daily report with id = 8 [] []
[2016-10-16 16:12:38] PDOReport_Logger.WARNING: findDailyReportsById executed with id = 8 [] []
[2016-10-16 16:12:38] PDOReport_Logger.WARNING: Daily report with id 8 [] []
[2016-10-16 16:12:40] PDOReport_Logger.WARNING: findDailyReportsByCustomerId executed for customer with id = 3 [] []
[2016-10-16 16:14:46] PDOReport_Logger.WARNING: changeDailyReport executed for daily report with id = 8 [] []
[2016-10-16 16:14:46] PDOReport_Logger.WARNING: findDailyReportsById executed with id = 8 [] []
[2016-10-16 16:14:46] PDOReport_Logger.WARNING: Daily report with id 8 [] []
[2016-10-16 16:14:51] PDOReport_Logger.WARNING: findDailyReportsByCustomerId executed for customer with id = 3 [] []
[2016-10-16 16:15:09] PDOReport_Logger.WARNING: findDailyReportsByCustomerId executed for customer with id = 2 [] []
[2016-10-16 16:16:49] PDOReport_Logger.WARNING: addDailyReport executed for customer with id = 2 [] []
[2016-10-16 16:16:49] PDOReport_Logger.WARNING: Daily report created. [] []
[2016-10-16 16:16:58] PDOReport_Logger.WARNING: findDailyReportsByCustomerId executed for customer with id = 2 [] []
[2016-10-16 16:17:20] PDOReport_Logger.WARNING: changeDailyReport executed for daily report with id = 2 [] []
[2016-10-16 16:17:20] PDOReport_Logger.WARNING: findDailyReportsById executed with id = 2 [] []
[2016-10-16 16:17:20] PDOReport_Logger.WARNING: Daily report with id 2 [] []
[2016-10-16 16:17:23] PDOReport_Logger.WARNING: findDailyReportsByCustomerId executed for customer with id = 2 [] []
[2016-10-16 16:17:24] PDOReport_Logger.WARNING: findDailyReportsByCustomerId executed for customer with id = 2 [] []
[2016-10-16 16:17:25] PDOReport_Logger.WARNING: findDailyReportsByCustomerId executed for customer with id = 2 [] []
[2016-10-16 16:17:25] PDOReport_Logger.WARNING: findDailyReportsByCustomerId executed for customer with id = 2 [] []
[2016-10-16 16:17:25] PDOReport_Logger.WARNING: findDailyReportsByCustomerId executed for customer with id = 2 [] []
[2016-10-16 16:17:34] PDOReport_Logger.WARNING: changeDailyReport executed for daily report with id = 12 [] []
[2016-10-16 16:17:34] PDOReport_Logger.WARNING: findDailyReportsById executed with id = 12 [] []
[2016-10-16 16:17:34] PDOReport_Logger.WARNING: Daily report with id 12 [] []
[2016-10-16 16:17:35] PDOReport_Logger.WARNING: findDailyReportsByCustomerId executed for customer with id = 2 [] []
[2016-10-16 16:19:00] PDOReport_Logger.WARNING: addDailyReport executed for customer with id = 2 [] []
[2016-10-16 16:19:00] PDOReport_Logger.WARNING: Daily report created. [] []
[2016-10-16 16:19:03] PDOReport_Logger.WARNING: findDailyReportsByCustomerId executed for customer with id = 2 [] []
[2016-10-16 16:19:25] PDOReport_Logger.WARNING: changeDailyReport executed for daily report with id = 2 [] []
[2016-10-16 16:19:28] PDOReport_Logger.WARNING: findDailyReportsByCustomerId executed for customer with id = 2 [] []
[2016-10-16 16:19:47] PDOReport_Logger.WARNING: changeDailyReport executed for daily report with id = 13 [] []
[2016-10-16 16:19:53] PDOReport_Logger.WARNING: findDailyReportsByCustomerId executed for customer with id = 2 [] []
[2016-10-16 16:20:14] PDOReport_Logger.WARNING: changeDailyReport executed for daily report with id = 13 [] []
[2016-10-16 16:20:14] PDOReport_Logger.WARNING: findDailyReportsById executed with id = 13 [] []
[2016-10-16 16:20:14] PDOReport_Logger.WARNING: Daily report with id 13 [] []
[2016-10-16 16:20:18] PDOReport_Logger.WARNING: findDailyReportsByCustomerId executed for customer with id = 2 [] []
[2016-10-16 16:20:55] PDOReport_Logger.WARNING: changeDailyReport executed for daily report with id = 13 [] []
[2016-10-16 16:20:55] PDOReport_Logger.WARNING: findDailyReportsById executed with id = 13 [] []
[2016-10-16 16:20:55] PDOReport_Logger.WARNING: Daily report with id 13 [] []
[2016-10-16 16:20:57] PDOReport_Logger.WARNING: findDailyReportsByCustomerId executed for customer with id = 2 [] []
[2016-10-16 16:22:50] PDOReport_Logger.WARNING: findDailyReportsById executed with id = 2 [] []
[2016-10-16 16:23:02] PDOReport_Logger.WARNING: findDailyReportsById executed with id = 5 [] []
[2016-10-16 16:29:38] PDOReport_Logger.WARNING: findDailyReportsById executed with id = 5 [] []
[2016-10-16 16:30:34] PDOReport_Logger.WARNING: findDailyReportsById executed with id = 2 [] []
[2016-10-16 16:31:01] PDOReport_Logger.WARNING: findDailyReportsById executed with id = 2 [] []
[2016-10-16 16:31:14] PDOReport_Logger.WARNING: findDailyReportsById executed with id = 8 [] []
[2016-10-16 16:31:18] PDOReport_Logger.WARNING: findDailyReportsById executed with id = 15 [] []
[2016-10-16 16:31:18] PDOReport_Logger.ERROR: Daily Report with id = 15 does not exist. [] []
[2016-10-16 16:36:11] PDOReport_Logger.WARNING: findDailyReportsByCustomerId executed for customer with id = 2 [] []
[2016-10-16 16:36:46] PDOReport_Logger.WARNING: findDailyReportsById executed with id = 2 [] []
[2016-10-16 16:38:23] PDOReport_Logger.WARNING: findDailyReportsByCustomerId executed for customer with id = 2 [] []
[2016-10-16 16:38:25] PDOReport_Logger.WARNING: findDailyReportsByCustomerId executed for customer with id = 2 [] []
[2016-10-16 16:42:50] PDOReport_Logger.WARNING: findDailyReportsByCustomerId executed for customer with id = 2 [] []
[2016-10-16 16:43:14] PDOReport_Logger.WARNING: findDailyReportsByCustomerId executed for customer with id = 2 [] []
[2016-10-16 16:43:34] PDOReport_Logger.WARNING: findDailyReportsByCustomerId executed for customer with id = 2 [] []
[2016-10-16 16:45:49] PDOReport_Logger.WARNING: findDailyReportsById executed with id = 2 [] []
[2016-10-16 16:45:58] PDOReport_Logger.WARNING: findDailyReportsById executed with id = 2 [] []
[2016-10-16 16:45:58] PDOReport_Logger.WARNING: findDailyReportsById executed with id = 2 [] []
[2016-10-16 16:45:59] PDOReport_Logger.WARNING: findDailyReportsById executed with id = 2 [] []
[2016-10-16 16:45:59] PDOReport_Logger.WARNING: findDailyReportsById executed with id = 2 [] []
[2016-10-16 16:45:59] PDOReport_Logger.WARNING: findDailyReportsById executed with id = 2 [] []
[2016-10-16 16:46:23] PDOReport_Logger.WARNING: findDailyReportsById executed with id = 2 [] []
[2016-10-16 16:46:24] PDOReport_Logger.WARNING: findDailyReportsById executed with id = 2 [] []
[2016-10-16 16:46:24] PDOReport_Logger.WARNING: findDailyReportsById executed with id = 2 [] []
[2016-10-16 16:46:24] PDOReport_Logger.WARNING: findDailyReportsById executed with id = 2 [] []
[2016-10-16 16:46:24] PDOReport_Logger.WARNING: findDailyReportsById executed with id = 2 [] []
[2016-10-16 16:46:24] PDOReport_Logger.WARNING: findDailyReportsById executed with id = 2 [] []
[2016-10-16 16:47:35] PDOReport_Logger.WARNING: findDailyReportsById executed with id = 2 [] []
[2016-10-16 16:48:01] PDOReport_Logger.WARNING: findDailyReportsById executed with id = 2 [] []
[2016-10-16 16:48:14] PDOReport_Logger.WARNING: findDailyReportsById executed with id = 3 [] []
[2016-10-16 16:48:29] PDOReport_Logger.WARNING: findDailyReportsById executed with id = 5 [] []
[2016-10-16 18:09:29] PDOReport_Logger.WARNING: findDailyReportsByCustomerId executed for customer with id = 2 [] []
[2016-10-16 18:10:38] PDOReport_Logger.WARNING: findDailyReportsByCustomerId executed for customer with id = 2 [] []
[2016-10-16 18:10:39] PDOReport_Logger.WARNING: findDailyReportsByCustomerId executed for customer with id = 2 [] []
[2016-10-16 18:10:39] PDOReport_Logger.WARNING: findDailyReportsByCustomerId executed for customer with id = 2 [] []
[2016-10-16 18:10:40] PDOReport_Logger.WARNING: findDailyReportsByCustomerId executed for customer with id = 2 [] []
[2016-10-16 18:10:40] PDOReport_Logger.WARNING: findDailyReportsByCustomerId executed for customer with id = 2 [] []
[2016-10-16 18:10:41] PDOReport_Logger.WARNING: findDailyReportsByCustomerId executed for customer with id = 2 [] []
[2016-10-16 18:41:24] PDOReport_Logger.WARNING: findDailyReportsByCustomerId executed for customer with id = 2 [] []
[2016-10-16 18:51:09] PDOReport_Logger.WARNING: findDailyReportsByCustomerId executed for customer with id = 2 [] []
[2016-10-17 14:47:11] PDOReport_Logger.WARNING: findDailyReportsByCustomerId executed for customer with id = 20 [] []
[2016-10-17 14:47:11] PDOReport_Logger.ERROR: Customer with id = 20 does not exist. [] []
[2016-10-17 14:47:15] PDOReport_Logger.WARNING: findDailyReportsByCustomerId executed for customer with id = 80 [] []
[2016-10-17 14:47:15] PDOReport_Logger.ERROR: Customer with id = 80 does not exist. [] []
[2016-10-17 14:51:52] PDOReport_Logger.WARNING: findDailyReportsByCustomerId executed for customer with id = 80 [] []
[2016-10-17 14:51:52] PDOReport_Logger.ERROR: Customer with id = 80 does not exist. [] []
[2016-10-17 14:51:52] PDOReport_Logger.WARNING: findMetaData executed in DailyReportRepository [] []
[2016-10-17 15:17:01] PDOReport_Logger.WARNING: findMetaData executed in DailyReportRepository [] []
[2016-10-17 15:17:05] PDOReport_Logger.WARNING: findDailyReportsByCustomerId executed for customer with id = 5 [] []
[2016-10-17 15:17:05] PDOReport_Logger.ERROR: Customer with id = 5 does not exist. [] []
[2016-10-17 15:17:05] PDOReport_Logger.WARNING: findMetaData executed in DailyReportRepository [] []
[2016-10-17 15:21:10] PDOReport_Logger.WARNING: findDailyReportsByCustomerId executed for customer with id = 5 [] []
[2016-10-17 15:21:10] PDOReport_Logger.ERROR: Customer with id = 5 does not exist. [] []
[2016-10-17 15:21:10] PDOReport_Logger.WARNING: findMetaData executed in DailyReportRepository [] []
[2016-10-17 15:33:55] PDOReport_Logger.WARNING: findDailyReportsByCustomerId executed for customer with id = 5 [] []
[2016-10-17 15:33:55] PDOReport_Logger.ERROR: Customer with id = 5 does not exist. [] []
[2016-10-17 15:33:55] PDOReport_Logger.WARNING: findMetaData executed in DailyReportRepository [] []
[2016-10-17 15:38:54] PDOReport_Logger.WARNING: findDailyReportsByCustomerId executed for customer with id = 5 [] []
[2016-10-17 15:38:54] PDOReport_Logger.ERROR: Customer with id = 5 does not exist. [] []
[2016-10-17 15:38:54] PDOReport_Logger.WARNING: findMetaData executed in DailyReportRepository [] []
[2016-10-17 15:38:59] PDOReport_Logger.WARNING: findDailyReportsByCustomerId executed for customer with id = 2 [] []
[2016-10-17 15:39:02] PDOReport_Logger.WARNING: findMetaData executed in DailyReportRepository [] []
[2016-10-17 15:56:05] PDOReport_Logger.WARNING: findDailyReportsByCustomerId executed for customer with id = 80 [] []
[2016-10-17 15:56:05] PDOReport_Logger.ERROR: Customer with id = 80 does not exist. [] []
[2016-10-17 15:56:05] PDOReport_Logger.WARNING: findMetaData executed in DailyReportRepository [] []
[2016-10-17 15:57:46] PDOReport_Logger.WARNING: findDailyReportsByCustomerId executed for customer with id = 80 [] []
[2016-10-17 15:57:46] PDOReport_Logger.ERROR: Customer with id = 80 does not exist. [] []
[2016-10-17 15:57:46] PDOReport_Logger.WARNING: findMetaData executed in DailyReportRepository [] []
[2016-10-17 16:02:33] PDOReport_Logger.WARNING: findDailyReportsByCustomerId executed for customer with id = 2 [] []
[2016-10-17 18:29:45] PDOReport_Logger.WARNING: findDailyReportsByCustomerId executed for customer with id = 2 [] []
[2016-10-17 18:30:39] PDOReport_Logger.WARNING: findDailyReportsByCustomerId executed for customer with id = 2 [] []
[2016-10-17 18:35:27] PDOReport_Logger.WARNING: findDailyReportsByCustomerId executed for customer with id = 2 [] []
[2016-10-17 18:36:54] PDOReport_Logger.WARNING: findDailyReportsByCustomerId executed for customer with id = 2 [] []
[2016-10-17 18:37:08] PDOReport_Logger.WARNING: findDailyReportsByCustomerId executed for customer with id = 2 [] []
[2016-10-17 18:37:30] PDOReport_Logger.WARNING: findDailyReportsByCustomerId executed for customer with id = 2 [] []
[2016-10-17 18:37:36] PDOReport_Logger.WARNING: findDailyReportsByCustomerId executed for customer with id = 5 [] []
[2016-10-17 18:37:36] PDOReport_Logger.ERROR: Customer with id = 5 does not exist. [] []
[2016-10-17 18:37:36] PDOReport_Logger.WARNING: findMetaData executed in DailyReportRepository [] []
[2016-10-17 21:00:24] PDOReport_Logger.WARNING: findDailyReportsByCustomerId executed for customer with id = 2 [] []
[2016-10-17 21:00:48] PDOReport_Logger.WARNING: findDailyReportsByCustomerId executed for customer with id = 2 [] []
[2016-10-17 21:00:48] PDOReport_Logger.WARNING: findDailyReportsByCustomerId executed for customer with id = 2 [] []
[2016-10-17 21:01:23] PDOReport_Logger.WARNING: findDailyReportsByCustomerId executed for customer with id = 2 [] []
[2016-10-17 21:01:24] PDOReport_Logger.WARNING: findDailyReportsByCustomerId executed for customer with id = 2 [] []
[2016-10-17 21:01:42] PDOReport_Logger.WARNING: findDailyReportsByCustomerId executed for customer with id = 2 [] []
[2016-10-19 16:04:40] PDOReport_Logger.WARNING: findDailyReportsByCustomerId executed for customer with id = 2 [] []
[2016-10-20 11:06:16] PDOReport_Logger.WARNING: findDailyReportsByCustomerId executed for customer with id = 2 [] []
[2016-10-20 11:09:25] PDOReport_Logger.WARNING: findDailyReportsByCustomerId executed for customer with id = 1 [] []
[2016-10-20 11:10:19] PDOReport_Logger.WARNING: findDailyReportsByCustomerId executed for customer with id = 1 [] []
[2016-10-20 11:10:39] PDOReport_Logger.WARNING: findDailyReportsByCustomerId executed for customer with id = 1 [] []
[2016-10-20 11:12:29] PDOReport_Logger.WARNING: findDailyReportsByCustomerId executed for customer with id = 1 [] []
[2016-10-20 11:15:53] PDOReport_Logger.WARNING: findDailyReportsByCustomerId executed for customer with id = 1 [] []
[2016-10-20 11:18:58] PDOReport_Logger.WARNING: findDailyReportsByCustomerId executed for customer with id = 1 [] []
[2016-10-20 11:20:45] PDOReport_Logger.WARNING: findDailyReportsByCustomerId executed for customer with id = 1 [] []
[2016-10-20 11:28:11] PDOReport_Logger.WARNING: findDailyReportsByCustomerId executed for customer with id = 1 [] []
[2016-10-20 11:31:19] PDOReport_Logger.WARNING: findDailyReportsByCustomerId executed for customer with id = 2 [] []
[2016-10-20 11:31:25] PDOReport_Logger.WARNING: findDailyReportsByCustomerId executed for customer with id = 3 [] []
[2016-10-20 11:31:31] PDOReport_Logger.WARNING: findDailyReportsByCustomerId executed for customer with id = 2 [] []
[2016-10-20 11:31:58] PDOReport_Logger.WARNING: findDailyReportsByCustomerId executed for customer with id = 2 [] []
[2016-10-20 11:33:03] PDOReport_Logger.WARNING: addDailyReport executed for customer with id = 2 [] []
[2016-10-20 11:33:03] PDOReport_Logger.ERROR: SQLSTATE[23000]: Integrity constraint violation: 1048 Column 'habit1_done' cannot be null [] []
[2016-10-20 11:33:06] PDOReport_Logger.WARNING: findDailyReportsByCustomerId executed for customer with id = 2 [] []
[2016-10-20 11:33:14] PDOReport_Logger.WARNING: findDailyReportsByCustomerId executed for customer with id = 3 [] []
[2016-10-20 11:33:17] PDOReport_Logger.WARNING: findDailyReportsByCustomerId executed for customer with id = 4 [] []
[2016-10-20 11:33:17] PDOReport_Logger.ERROR: Customer with id = 4 does not exist. [] []
[2016-10-20 11:33:17] PDOReport_Logger.WARNING: findMetaData executed in DailyReportRepository [] []
[2016-10-20 11:33:27] PDOReport_Logger.WARNING: findDailyReportsByCustomerId executed for customer with id = 5 [] []
[2016-10-20 11:33:27] PDOReport_Logger.ERROR: Customer with id = 5 does not exist. [] []
[2016-10-20 11:33:27] PDOReport_Logger.WARNING: findMetaData executed in DailyReportRepository [] []
[2016-10-20 11:35:11] PDOReport_Logger.WARNING: findDailyReportsByCustomerId executed for customer with id = 1 [] []
[2016-10-20 11:36:50] PDOReport_Logger.WARNING: findDailyReportsByCustomerId executed for customer with id = 1 [] []
[2016-10-20 11:37:37] PDOReport_Logger.WARNING: findDailyReportsByCustomerId executed for customer with id = 1 [] []
[2016-10-20 11:39:02] PDOReport_Logger.WARNING: findDailyReportsByCustomerId executed for customer with id = 1 [] []
[2016-10-20 11:39:36] PDOReport_Logger.WARNING: findDailyReportsByCustomerId executed for customer with id = 1 [] []
[2016-10-20 11:40:52] PDOReport_Logger.WARNING: findDailyReportsByCustomerId executed for customer with id = 1 [] []
[2016-10-20 11:44:23] PDOReport_Logger.WARNING: findDailyReportsByCustomerId executed for customer with id = 1 [] []
[2016-10-20 11:48:19] PDOReport_Logger.WARNING: findDailyReportsByCustomerId executed for customer with id = 1 [] []
[2016-10-20 11:51:18] PDOReport_Logger.WARNING: findDailyReportsByCustomerId executed for customer with id = 2 [] []
[2016-10-20 11:51:45] PDOReport_Logger.WARNING: findDailyReportsByCustomerId executed for customer with id = 1 [] []
[2016-10-20 11:57:58] PDOReport_Logger.WARNING: findDailyReportsByCustomerId executed for customer with id = 1 [] []
[2016-10-20 11:58:27] PDOReport_Logger.WARNING: findDailyReportsByCustomerId executed for customer with id = 1 [] []
[2016-10-20 12:18:47] PDOReport_Logger.WARNING: findDailyReportsByCustomerId executed for customer with id = 2 [] []
[2016-10-20 12:20:25] PDOReport_Logger.WARNING: addDailyReport executed for customer with id = 2 [] []
[2016-10-20 12:20:25] PDOReport_Logger.WARNING: Daily report created. [] []
[2016-10-20 12:20:39] PDOReport_Logger.WARNING: addDailyReport executed for customer with id = 2 [] []
[2016-10-20 12:20:39] PDOReport_Logger.WARNING: Daily report created. [] []
[2016-10-20 12:20:40] PDOReport_Logger.WARNING: findDailyReportsByCustomerId executed for customer with id = 2 [] []
[2016-10-20 12:30:58] PDOReport_Logger.WARNING: findDailyReportsByCustomerId executed for customer with id = 1 [] []
[2016-10-20 12:34:33] PDOReport_Logger.WARNING: findDailyReportsByCustomerId executed for customer with id = 2 [] []
[2016-10-20 12:36:28] PDOReport_Logger.WARNING: findDailyReportsByCustomerId executed for customer with id = 2 [] []
[2016-10-20 12:36:54] PDOReport_Logger.WARNING: findDailyReportsByCustomerId executed for customer with id = 2 [] []
[2016-10-20 12:37:50] PDOReport_Logger.WARNING: findDailyReportsByCustomerId executed for customer with id = 2 [] []
[2016-10-20 12:41:55] PDOReport_Logger.WARNING: findDailyReportsByCustomerId executed for customer with id = 2 [] []
[2016-10-20 12:41:56] PDOReport_Logger.WARNING: findDailyReportsByCustomerId executed for customer with id = 2 [] []
[2016-10-20 12:43:34] PDOReport_Logger.WARNING: findDailyReportsByCustomerId executed for customer with id = 2 [] []
[2016-10-20 12:44:40] PDOReport_Logger.WARNING: findDailyReportsByCustomerId executed for customer with id = 2 [] []
[2016-10-20 12:45:58] PDOReport_Logger.WARNING: findDailyReportsByCustomerId executed for customer with id = 2 [] []
[2016-10-20 12:46:35] PDOReport_Logger.WARNING: findDailyReportsByCustomerId executed for customer with id = 2 [] []
[2016-10-20 12:48:18] PDOReport_Logger.WARNING: findDailyReportsByCustomerId executed for customer with id = 2 [] []
[2016-10-20 12:48:37] PDOReport_Logger.WARNING: findDailyReportsByCustomerId executed for customer with id = 2 [] []
[2016-10-20 12:48:52] PDOReport_Logger.WARNING: findDailyReportsByCustomerId executed for customer with id = 2 [] []
[2016-10-20 12:49:55] PDOReport_Logger.WARNING: findDailyReportsByCustomerId executed for customer with id = 2 [] []
[2016-10-20 12:51:47] PDOReport_Logger.WARNING: findDailyReportsByCustomerId executed for customer with id = 2 [] []
[2016-10-20 12:52:26] PDOReport_Logger.WARNING: findDailyReportsByCustomerId executed for customer with id = 2 [] []
[2016-10-20 12:52:31] PDOReport_Logger.WARNING: findDailyReportsByCustomerId executed for customer with id = 2 [] []
[2016-10-20 12:53:06] PDOReport_Logger.WARNING: findDailyReportsByCustomerId executed for customer with id = 2 [] []
[2016-10-20 12:53:19] PDOReport_Logger.WARNING: findDailyReportsByCustomerId executed for customer with id = 2 [] []
[2016-10-20 12:53:43] PDOReport_Logger.WARNING: findDailyReportsByCustomerId executed for customer with id = 2 [] []
[2016-10-20 13:00:48] PDOReport_Logger.WARNING: findDailyReportsByCustomerId executed for customer with id = 2 [] []
[2016-10-20 13:02:38] PDOReport_Logger.WARNING: findDailyReportsByCustomerId executed for customer with id = 2 [] []
[2016-10-20 13:03:01] PDOReport_Logger.WARNING: findDailyReportsByCustomerId executed for customer with id = 2 [] []
[2016-10-20 13:03:14] PDOReport_Logger.WARNING: findDailyReportsByCustomerId executed for customer with id = 2 [] []
[2016-10-20 13:03:35] PDOReport_Logger.WARNING: findDailyReportsByCustomerId executed for customer with id = 2 [] []
[2016-10-20 13:03:44] PDOReport_Logger.WARNING: findDailyReportsByCustomerId executed for customer with id = 2 [] []
[2016-10-20 13:03:48] PDOReport_Logger.WARNING: findDailyReportsByCustomerId executed for customer with id = 2 [] []
[2016-10-20 13:07:53] PDOReport_Logger.WARNING: findDailyReportsByCustomerId executed for customer with id = 2 [] []
[2016-10-20 13:09:07] PDOReport_Logger.WARNING: findDailyReportsByCustomerId executed for customer with id = 2 [] []
[2016-10-20 13:09:17] PDOReport_Logger.WARNING: findDailyReportsByCustomerId executed for customer with id = 2 [] []
[2016-10-20 13:09:26] PDOReport_Logger.WARNING: findDailyReportsByCustomerId executed for customer with id = 2 [] []
[2016-10-20 13:09:32] PDOReport_Logger.WARNING: findDailyReportsByCustomerId executed for customer with id = 2 [] []
[2016-10-20 13:09:53] PDOReport_Logger.WARNING: findDailyReportsByCustomerId executed for customer with id = 2 [] []
[2016-10-20 13:17:19] PDOReport_Logger.WARNING: findDailyReportsByCustomerId executed for customer with id = 2 [] []
[2016-10-20 13:21:27] PDOReport_Logger.WARNING: findDailyReportsByCustomerId executed for customer with id = 2 [] []
[2016-10-20 13:21:39] PDOReport_Logger.WARNING: findDailyReportsByCustomerId executed for customer with id = 2 [] []
[2016-10-20 13:23:39] PDOReport_Logger.WARNING: findDailyReportsByCustomerId executed for customer with id = 2 [] []
[2016-10-20 13:24:11] PDOReport_Logger.WARNING: findDailyReportsByCustomerId executed for customer with id = 2 [] []
[2016-10-20 13:24:57] PDOReport_Logger.WARNING: findDailyReportsByCustomerId executed for customer with id = 2 [] []
[2016-10-20 13:24:58] PDOReport_Logger.WARNING: findDailyReportsByCustomerId executed for customer with id = 2 [] []
[2016-10-20 13:27:56] PDOReport_Logger.WARNING: findDailyReportsByCustomerId executed for customer with id = 2 [] []
[2016-10-20 13:28:20] PDOReport_Logger.WARNING: findDailyReportsByCustomerId executed for customer with id = 2 [] []
[2016-10-20 13:28:39] PDOReport_Logger.WARNING: findDailyReportsByCustomerId executed for customer with id = 2 [] []
[2016-10-20 13:29:48] PDOReport_Logger.WARNING: findDailyReportsByCustomerId executed for customer with id = 2 [] []
[2016-10-20 13:29:59] PDOReport_Logger.WARNING: findDailyReportsByCustomerId executed for customer with id = 2 [] []
[2016-10-20 13:30:09] PDOReport_Logger.WARNING: findDailyReportsByCustomerId executed for customer with id = 2 [] []
[2016-10-20 13:30:47] PDOReport_Logger.WARNING: findDailyReportsByCustomerId executed for customer with id = 2 [] []
[2016-10-20 13:31:15] PDOReport_Logger.WARNING: findDailyReportsByCustomerId executed for customer with id = 2 [] []
[2016-10-20 13:32:53] PDOReport_Logger.WARNING: findDailyReportsByCustomerId executed for customer with id = 2 [] []
[2016-10-20 13:34:33] PDOReport_Logger.WARNING: findDailyReportsByCustomerId executed for customer with id = 2 [] []
[2016-10-20 13:34:55] PDOReport_Logger.WARNING: findDailyReportsByCustomerId executed for customer with id = 2 [] []
[2016-10-20 13:36:24] PDOReport_Logger.WARNING: findDailyReportsByCustomerId executed for customer with id = 2 [] []
[2016-10-20 13:37:07] PDOReport_Logger.WARNING: findDailyReportsByCustomerId executed for customer with id = 2 [] []
[2016-10-20 13:37:19] PDOReport_Logger.WARNING: findDailyReportsByCustomerId executed for customer with id = 2 [] []
[2016-10-20 13:37:30] PDOReport_Logger.WARNING: findDailyReportsByCustomerId executed for customer with id = 2 [] []
[2016-10-20 13:39:34] PDOReport_Logger.WARNING: findDailyReportsByCustomerId executed for customer with id = 2 [] []
[2016-10-20 13:39:55] PDOReport_Logger.WARNING: findDailyReportsByCustomerId executed for customer with id = 2 [] []
[2016-10-20 13:40:45] PDOReport_Logger.WARNING: findDailyReportsByCustomerId executed for customer with id = 2 [] []
[2016-10-20 13:43:12] PDOReport_Logger.WARNING: findDailyReportsByCustomerId executed for customer with id = 2 [] []
[2016-10-20 13:44:18] PDOReport_Logger.WARNING: findDailyReportsByCustomerId executed for customer with id = 2 [] []
[2016-10-20 13:46:33] PDOReport_Logger.WARNING: findDailyReportsByCustomerId executed for customer with id = 2 [] []
[2016-10-20 13:46:49] PDOReport_Logger.WARNING: findDailyReportsByCustomerId executed for customer with id = 2 [] []
[2016-10-20 13:47:12] PDOReport_Logger.WARNING: findDailyReportsByCustomerId executed for customer with id = 2 [] []
[2016-10-20 13:47:58] PDOReport_Logger.WARNING: findDailyReportsByCustomerId executed for customer with id = 2 [] []
[2016-10-20 13:48:13] PDOReport_Logger.WARNING: findDailyReportsByCustomerId executed for customer with id = 2 [] []
[2016-10-20 13:48:25] PDOReport_Logger.WARNING: findDailyReportsByCustomerId executed for customer with id = 2 [] []
[2016-10-20 13:48:32] PDOReport_Logger.WARNING: findDailyReportsByCustomerId executed for customer with id = 2 [] []
[2016-10-20 13:48:48] PDOReport_Logger.WARNING: findDailyReportsByCustomerId executed for customer with id = 2 [] []
[2016-10-20 13:50:30] PDOReport_Logger.WARNING: findDailyReportsByCustomerId executed for customer with id = 2 [] []
[2016-10-20 13:50:38] PDOReport_Logger.WARNING: findDailyReportsByCustomerId executed for customer with id = 2 [] []
[2016-10-20 13:51:21] PDOReport_Logger.WARNING: findDailyReportsByCustomerId executed for customer with id = 2 [] []
[2016-10-20 13:51:27] PDOReport_Logger.WARNING: findDailyReportsByCustomerId executed for customer with id = 2 [] []
[2016-10-20 13:54:41] PDOReport_Logger.WARNING: findDailyReportsByCustomerId executed for customer with id = 2 [] []
[2016-10-20 13:56:08] PDOReport_Logger.WARNING: findDailyReportsByCustomerId executed for customer with id = 2 [] []
[2016-10-20 13:56:37] PDOReport_Logger.WARNING: findDailyReportsByCustomerId executed for customer with id = 2 [] []
[2016-10-20 13:57:32] PDOReport_Logger.WARNING: findDailyReportsByCustomerId executed for customer with id = 2 [] []
[2016-10-20 13:57:45] PDOReport_Logger.WARNING: findDailyReportsByCustomerId executed for customer with id = 2 [] []
[2016-10-20 14:01:00] PDOReport_Logger.WARNING: findDailyReportsByCustomerId executed for customer with id = 2 [] []
[2016-10-20 14:01:45] PDOReport_Logger.WARNING: findDailyReportsByCustomerId executed for customer with id = 2 [] []
[2016-10-20 14:07:23] PDOReport_Logger.WARNING: findDailyReportsByCustomerId executed for customer with id = 2 [] []
[2016-10-20 14:07:42] PDOReport_Logger.WARNING: findDailyReportsByCustomerId executed for customer with id = 2 [] []
[2016-10-20 14:08:00] PDOReport_Logger.WARNING: findDailyReportsByCustomerId executed for customer with id = 2 [] []
[2016-10-20 14:08:17] PDOReport_Logger.WARNING: findDailyReportsByCustomerId executed for customer with id = 2 [] []
[2016-10-20 14:24:53] PDOReport_Logger.WARNING: findDailyReportsByCustomerId executed for customer with id = 2 [] []
[2016-10-20 14:25:35] PDOReport_Logger.WARNING: findDailyReportsByCustomerId executed for customer with id = 2 [] []
[2016-10-20 20:16:48] PDOReport_Logger.WARNING: findDailyReportsByCustomerId executed for customer with id = 1 [] []
[2016-10-20 20:19:12] PDOReport_Logger.WARNING: findDailyReportsByCustomerId executed for customer with id = 1 [] []
[2016-10-20 20:19:44] PDOReport_Logger.WARNING: findDailyReportsByCustomerId executed for customer with id = 1 [] []
[2016-10-20 20:20:53] PDOReport_Logger.WARNING: findDailyReportsByCustomerId executed for customer with id = 1 [] []
[2016-10-20 20:21:31] PDOReport_Logger.WARNING: findDailyReportsByCustomerId executed for customer with id = 1 [] []
[2016-10-20 20:21:52] PDOReport_Logger.WARNING: findDailyReportsByCustomerId executed for customer with id = 1 [] []
[2016-10-20 20:22:56] PDOReport_Logger.WARNING: findDailyReportsByCustomerId executed for customer with id = 1 [] []
[2016-10-20 20:23:44] PDOReport_Logger.WARNING: findDailyReportsByCustomerId executed for customer with id = 1 [] []
[2016-10-20 20:23:57] PDOReport_Logger.WARNING: findDailyReportsByCustomerId executed for customer with id = 2 [] []
[2016-10-20 20:25:29] PDOReport_Logger.WARNING: findDailyReportsByCustomerId executed for customer with id = 2 [] []
[2016-10-20 20:27:44] PDOReport_Logger.WARNING: findDailyReportsByCustomerId executed for customer with id = 2 [] []
[2016-10-20 20:28:19] PDOReport_Logger.WARNING: findDailyReportsByCustomerId executed for customer with id = 2 [] []
[2016-10-20 20:28:49] PDOReport_Logger.WARNING: findDailyReportsByCustomerId executed for customer with id = 2 [] []
[2016-10-20 20:29:02] PDOReport_Logger.WARNING: findDailyReportsByCustomerId executed for customer with id = 2 [] []
[2016-10-20 20:30:54] PDOReport_Logger.WARNING: findDailyReportsByCustomerId executed for customer with id = 2 [] []
[2016-10-20 20:31:12] PDOReport_Logger.WARNING: findDailyReportsByCustomerId executed for customer with id = 2 [] []
[2016-10-20 20:31:24] PDOReport_Logger.WARNING: findDailyReportsByCustomerId executed for customer with id = 2 [] []
[2016-10-20 20:31:41] PDOReport_Logger.WARNING: findDailyReportsByCustomerId executed for customer with id = 2 [] []
[2016-10-20 20:31:49] PDOReport_Logger.WARNING: findDailyReportsByCustomerId executed for customer with id = 2 [] []
[2016-10-20 20:32:50] PDOReport_Logger.WARNING: findDailyReportsByCustomerId executed for customer with id = 2 [] []
[2016-10-20 20:33:20] PDOReport_Logger.WARNING: findDailyReportsByCustomerId executed for customer with id = 2 [] []
[2016-10-20 20:33:37] PDOReport_Logger.WARNING: findDailyReportsByCustomerId executed for customer with id = 2 [] []
[2016-10-20 20:33:47] PDOReport_Logger.WARNING: findDailyReportsByCustomerId executed for customer with id = 2 [] []
[2016-10-20 20:34:01] PDOReport_Logger.WARNING: findDailyReportsByCustomerId executed for customer with id = 2 [] []
[2016-10-20 20:34:11] PDOReport_Logger.WARNING: findDailyReportsByCustomerId executed for customer with id = 2 [] []
[2016-10-20 20:35:28] PDOReport_Logger.WARNING: findDailyReportsByCustomerId executed for customer with id = 2 [] []
[2016-10-20 20:37:14] PDOReport_Logger.WARNING: findDailyReportsByCustomerId executed for customer with id = 2 [] []
[2016-10-20 20:38:12] PDOReport_Logger.WARNING: findDailyReportsByCustomerId executed for customer with id = 2 [] []
[2016-10-20 20:42:11] PDOReport_Logger.WARNING: findDailyReportsByCustomerId executed for customer with id = 2 [] []
[2016-10-20 20:44:45] PDOReport_Logger.WARNING: findDailyReportsByCustomerId executed for customer with id = 2 [] []
[2016-10-20 20:45:06] PDOReport_Logger.WARNING: findDailyReportsByCustomerId executed for customer with id = 2 [] []
[2016-10-21 13:11:29] PDOReport_Logger.WARNING: findDailyReportsByCustomerId executed for customer with id = 1 [] []
[2016-10-21 13:11:37] PDOReport_Logger.WARNING: findDailyReportsByCustomerId executed for customer with id = 2 [] []
[2016-10-21 13:14:06] PDOReport_Logger.WARNING: findDailyReportsByCustomerId executed for customer with id = 2 [] []
[2016-10-21 13:14:12] PDOReport_Logger.WARNING: findDailyReportsByCustomerId executed for customer with id = 2 [] []
[2016-10-21 13:14:16] PDOReport_Logger.WARNING: findDailyReportsByCustomerId executed for customer with id = 2 [] []
[2016-10-21 13:15:08] PDOReport_Logger.WARNING: findDailyReportsByCustomerId executed for customer with id = 2 [] []
[2016-10-21 13:15:44] PDOReport_Logger.WARNING: findDailyReportsByCustomerId executed for customer with id = 2 [] []
[2016-10-21 13:17:21] PDOReport_Logger.WARNING: findDailyReportsByCustomerId executed for customer with id = 2 [] []
[2016-10-21 13:17:29] PDOReport_Logger.WARNING: findDailyReportsByCustomerId executed for customer with id = 2 [] []
[2016-10-21 13:18:47] PDOReport_Logger.WARNING: findDailyReportsByCustomerId executed for customer with id = 2 [] []
[2016-10-21 13:19:15] PDOReport_Logger.WARNING: findDailyReportsByCustomerId executed for customer with id = 2 [] []
[2016-10-21 13:20:41] PDOReport_Logger.WARNING: findDailyReportsByCustomerId executed for customer with id = 2 [] []
[2016-10-21 13:21:02] PDOReport_Logger.WARNING: findDailyReportsByCustomerId executed for customer with id = 2 [] []
[2016-10-21 13:22:23] PDOReport_Logger.WARNING: findDailyReportsByCustomerId executed for customer with id = 2 [] []
[2016-10-21 13:24:17] PDOReport_Logger.WARNING: findDailyReportsByCustomerId executed for customer with id = 2 [] []
[2016-10-21 13:33:07] PDOReport_Logger.WARNING: findDailyReportsByCustomerId executed for customer with id = 2 [] []
[2016-10-21 13:33:55] PDOReport_Logger.WARNING: findDailyReportsByCustomerId executed for customer with id = 2 [] []
[2016-10-21 13:37:23] PDOReport_Logger.WARNING: findDailyReportsByCustomerId executed for customer with id = 2 [] []
[2016-10-21 13:39:05] PDOReport_Logger.WARNING: findDailyReportsByCustomerId executed for customer with id = 2 [] []
[2016-10-21 13:43:31] PDOReport_Logger.WARNING: findDailyReportsByCustomerId executed for customer with id = 1 [] []
[2016-10-21 13:44:23] PDOReport_Logger.WARNING: findDailyReportsByCustomerId executed for customer with id = 1 [] []
[2016-10-21 13:44:33] PDOReport_Logger.WARNING: findDailyReportsByCustomerId executed for customer with id = 2 [] []
[2016-10-21 13:45:07] PDOReport_Logger.WARNING: findDailyReportsByCustomerId executed for customer with id = 2 [] []
[2016-10-21 13:45:16] PDOReport_Logger.WARNING: findDailyReportsByCustomerId executed for customer with id = 2 [] []
[2016-10-21 13:46:07] PDOReport_Logger.WARNING: findDailyReportsByCustomerId executed for customer with id = 2 [] []
[2016-10-21 13:46:18] PDOReport_Logger.WARNING: findDailyReportsByCustomerId executed for customer with id = 2 [] []
[2016-10-21 13:47:48] PDOReport_Logger.WARNING: findDailyReportsByCustomerId executed for customer with id = 2 [] []
[2016-10-21 13:48:05] PDOReport_Logger.WARNING: findDailyReportsByCustomerId executed for customer with id = 2 [] []
[2016-10-21 13:48:14] PDOReport_Logger.WARNING: findDailyReportsByCustomerId executed for customer with id = 2 [] []
[2016-10-21 13:48:45] PDOReport_Logger.WARNING: findDailyReportsByCustomerId executed for customer with id = 2 [] []
[2016-10-21 13:48:55] PDOReport_Logger.WARNING: findDailyReportsByCustomerId executed for customer with id = 2 [] []
[2016-10-21 13:49:53] PDOReport_Logger.WARNING: findDailyReportsByCustomerId executed for customer with id = 2 [] []
[2016-10-21 13:50:28] PDOReport_Logger.WARNING: findDailyReportsByCustomerId executed for customer with id = 2 [] []
[2016-10-21 13:50:49] PDOReport_Logger.WARNING: findDailyReportsByCustomerId executed for customer with id = 2 [] []
[2016-10-21 13:51:40] PDOReport_Logger.WARNING: findDailyReportsByCustomerId executed for customer with id = 2 [] []
[2016-10-21 13:51:55] PDOReport_Logger.WARNING: findDailyReportsByCustomerId executed for customer with id = 2 [] []
[2016-10-21 13:53:23] PDOReport_Logger.WARNING: findDailyReportsByCustomerId executed for customer with id = 2 [] []
[2016-10-21 13:54:12] PDOReport_Logger.WARNING: findDailyReportsByCustomerId executed for customer with id = 2 [] []
[2016-10-21 13:54:37] PDOReport_Logger.WARNING: findDailyReportsByCustomerId executed for customer with id = 2 [] []
[2016-10-21 13:55:06] PDOReport_Logger.WARNING: findDailyReportsByCustomerId executed for customer with id = 2 [] []
[2016-10-21 13:56:06] PDOReport_Logger.WARNING: findDailyReportsByCustomerId executed for customer with id = 2 [] []
[2016-10-21 13:56:18] PDOReport_Logger.WARNING: findDailyReportsByCustomerId executed for customer with id = 2 [] []
[2016-10-21 13:57:41] PDOReport_Logger.WARNING: findDailyReportsByCustomerId executed for customer with id = 2 [] []
[2016-10-21 13:58:37] PDOReport_Logger.WARNING: findDailyReportsByCustomerId executed for customer with id = 2 [] []
[2016-10-21 13:58:54] PDOReport_Logger.WARNING: findDailyReportsByCustomerId executed for customer with id = 2 [] []
[2016-10-21 13:59:01] PDOReport_Logger.WARNING: findDailyReportsByCustomerId executed for customer with id = 2 [] []
[2016-10-21 13:59:33] PDOReport_Logger.WARNING: findDailyReportsByCustomerId executed for customer with id = 2 [] []
[2016-10-21 14:01:25] PDOReport_Logger.WARNING: findDailyReportsByCustomerId executed for customer with id = 2 [] []
[2016-10-21 14:01:41] PDOReport_Logger.WARNING: findDailyReportsByCustomerId executed for customer with id = 2 [] []
[2016-10-21 14:02:07] PDOReport_Logger.WARNING: findDailyReportsByCustomerId executed for customer with id = 2 [] []
[2016-10-21 14:02:23] PDOReport_Logger.WARNING: findDailyReportsByCustomerId executed for customer with id = 2 [] []
[2016-10-21 14:02:43] PDOReport_Logger.WARNING: findDailyReportsByCustomerId executed for customer with id = 2 [] []
[2016-10-21 14:03:04] PDOReport_Logger.WARNING: findDailyReportsByCustomerId executed for customer with id = 2 [] []
[2016-10-21 14:04:20] PDOReport_Logger.WARNING: findDailyReportsByCustomerId executed for customer with id = 2 [] []
[2016-10-21 14:04:33] PDOReport_Logger.WARNING: findDailyReportsByCustomerId executed for customer with id = 2 [] []
[2016-10-21 14:04:52] PDOReport_Logger.WARNING: findDailyReportsByCustomerId executed for customer with id = 2 [] []
[2016-10-21 14:07:11] PDOReport_Logger.WARNING: findDailyReportsByCustomerId executed for customer with id = 2 [] []
[2016-10-21 14:11:32] PDOReport_Logger.WARNING: findDailyReportsByCustomerId executed for customer with id = 2 [] []
[2016-10-21 14:11:37] PDOReport_Logger.WARNING: findDailyReportsByCustomerId executed for customer with id = 2 [] []
[2016-10-21 14:11:54] PDOReport_Logger.WARNING: findDailyReportsByCustomerId executed for customer with id = 2 [] []
[2016-10-21 14:15:09] PDOReport_Logger.WARNING: findDailyReportsByCustomerId executed for customer with id = 2 [] []
[2016-10-21 14:15:45] PDOReport_Logger.WARNING: findDailyReportsByCustomerId executed for customer with id = 2 [] []
[2016-10-21 14:15:46] PDOReport_Logger.WARNING: findDailyReportsByCustomerId executed for customer with id = 2 [] []
[2016-10-21 14:16:32] PDOReport_Logger.WARNING: findDailyReportsByCustomerId executed for customer with id = 2 [] []
[2016-10-21 14:18:34] PDOReport_Logger.WARNING: findDailyReportsByCustomerId executed for customer with id = 2 [] []
[2016-10-21 14:19:00] PDOReport_Logger.WARNING: findDailyReportsByCustomerId executed for customer with id = 2 [] []
[2016-10-21 14:21:53] PDOReport_Logger.WARNING: findDailyReportsByCustomerId executed for customer with id = 2 [] []
[2016-10-21 14:54:47] PDOReport_Logger.WARNING: findDailyReportsByCustomerId executed for customer with id = 2 [] []
[2016-10-21 15:28:49] PDOReport_Logger.WARNING: findDailyReportsByCustomerId executed for customer with id = 2 [] []
[2016-10-21 15:58:56] PDOReport_Logger.WARNING: findDailyReportsByCustomerId executed for customer with id = 2 [] []
[2016-10-21 16:11:21] PDOReport_Logger.WARNING: findDailyReportsByCustomerId executed for customer with id = 2 [] []
[2016-10-21 16:19:33] PDOReport_Logger.WARNING: findDailyReportsByCustomerId executed for customer with id = 2 [] []
[2016-10-22 17:59:01] PDOReport_Logger.WARNING: findDailyReportsByCustomerId executed for customer with id = 2 [] []
[2016-10-22 18:31:47] PDOReport_Logger.WARNING: findDailyReportsByCustomerId executed for customer with id = 2 [] []
[2016-10-22 18:32:38] PDOReport_Logger.WARNING: findDailyReportsByCustomerId executed for customer with id = 2 [] []
[2016-10-22 18:33:15] PDOReport_Logger.WARNING: findDailyReportsByCustomerId executed for customer with id = 2 [] []
[2016-10-22 18:33:41] PDOReport_Logger.WARNING: findDailyReportsByCustomerId executed for customer with id = 2 [] []
[2016-10-22 18:34:16] PDOReport_Logger.WARNING: findDailyReportsByCustomerId executed for customer with id = 2 [] []
[2016-10-22 18:34:39] PDOReport_Logger.WARNING: findDailyReportsByCustomerId executed for customer with id = 2 [] []
[2016-10-22 18:36:46] PDOReport_Logger.WARNING: findDailyReportsByCustomerId executed for customer with id = 2 [] []
[2016-10-22 18:37:20] PDOReport_Logger.WARNING: findDailyReportsByCustomerId executed for customer with id = 2 [] []
[2016-10-22 18:44:11] PDOReport_Logger.WARNING: findDailyReportsByCustomerId executed for customer with id = 2 [] []
[2016-10-22 18:45:28] PDOReport_Logger.WARNING: findDailyReportsByCustomerId executed for customer with id = 2 [] []
[2016-10-22 18:58:01] PDOReport_Logger.WARNING: findDailyReportsByCustomerId executed for customer with id = 2 [] []
[2016-10-22 18:58:32] PDOReport_Logger.WARNING: findDailyReportsByCustomerId executed for customer with id = 2 [] []
[2016-10-22 19:02:26] PDOReport_Logger.WARNING: findDailyReportsByCustomerId executed for customer with id = 2 [] []
[2016-10-22 20:49:59] PDOReport_Logger.WARNING: findDailyReportsByCustomerId executed for customer with id = 1 [] []
[2016-10-22 20:50:15] PDOReport_Logger.WARNING: findDailyReportsByCustomerId executed for customer with id = 1 [] []
[2016-10-22 21:23:45] PDOReport_Logger.WARNING: findDailyReportsByCustomerId executed for customer with id = 1 [] []
[2016-10-22 21:24:00] PDOReport_Logger.WARNING: findDailyReportsByCustomerId executed for customer with id = 2 [] []
[2016-10-23 12:29:08] PDOReport_Logger.WARNING: findDailyReportsByCustomerId executed for customer with id = 1 [] []
[2016-10-24 10:27:43] PDOReport_Logger.WARNING: findDailyReportsByCustomerId executed for customer with id = 2 [] []
[2016-10-24 20:58:24] PDOReport_Logger.WARNING: findDailyReportsByCustomerId executed for customer with id = 2 [] []
[2016-10-25 09:06:46] PDOReport_Logger.WARNING: findDailyReportsByCustomerId executed for customer with id = 2 [] []
[2016-10-25 09:09:00] PDOReport_Logger.WARNING: findDailyReportsByCustomerId executed for customer with id = 2 [] []
[2016-10-25 09:09:37] PDOReport_Logger.WARNING: findDailyReportsByCustomerId executed for customer with id = 2 [] []
[2016-10-25 09:09:50] PDOReport_Logger.WARNING: findDailyReportsByCustomerId executed for customer with id = 2 [] []
[2016-10-25 09:10:13] PDOReport_Logger.WARNING: findDailyReportsByCustomerId executed for customer with id = 2 [] []
[2016-10-25 09:10:15] PDOReport_Logger.WARNING: findDailyReportsByCustomerId executed for customer with id = 2 [] []
[2016-10-25 09:10:46] PDOReport_Logger.WARNING: findDailyReportsByCustomerId executed for customer with id = 2 [] []
[2016-10-25 09:12:27] PDOReport_Logger.WARNING: findDailyReportsByCustomerId executed for customer with id = 2 [] []
[2016-10-25 09:13:11] PDOReport_Logger.WARNING: findDailyReportsByCustomerId executed for customer with id = 2 [] []
[2016-10-25 09:13:46] PDOReport_Logger.WARNING: findDailyReportsByCustomerId executed for customer with id = 2 [] []
[2016-10-25 09:13:50] PDOReport_Logger.WARNING: findDailyReportsByCustomerId executed for customer with id = 2 [] []
[2016-10-25 09:14:39] PDOReport_Logger.WARNING: findDailyReportsByCustomerId executed for customer with id = 2 [] []
[2016-10-25 09:15:03] PDOReport_Logger.WARNING: findDailyReportsByCustomerId executed for customer with id = 2 [] []
[2016-10-25 09:15:06] PDOReport_Logger.WARNING: findDailyReportsByCustomerId executed for customer with id = 2 [] []
[2016-10-25 09:17:36] PDOReport_Logger.WARNING: findDailyReportsByCustomerId executed for customer with id = 2 [] []
[2016-10-25 09:18:12] PDOReport_Logger.WARNING: findDailyReportsByCustomerId executed for customer with id = 2 [] []
[2016-10-25 09:20:11] PDOReport_Logger.WARNING: findDailyReportsByCustomerId executed for customer with id = 2 [] []
[2016-10-25 09:52:50] PDOReport_Logger.WARNING: findDailyReportsByCustomerId executed for customer with id = 2 [] []
